C:\Users\Czardragon\Documents\GitHub\CSCI_480_Assignment_3\assign3_starterCode_windowsVS\assign3\assign3\Debug\assign3.exe.embed.manifest
C:\USERS\CZARDRAGON\DOCUMENTS\GITHUB\CSCI_480_ASSIGNMENT_3\ASSIGN3_STARTERCODE_WINDOWSVS\ASSIGN3\ASSIGN3\DEBUG\ASSIGN3.EXE.EMBED.MANIFEST.RES
C:\USERS\CZARDRAGON\DOCUMENTS\GITHUB\CSCI_480_ASSIGNMENT_3\ASSIGN3_STARTERCODE_WINDOWSVS\ASSIGN3\ASSIGN3\DEBUG\ASSIGN3.EXE.INTERMEDIATE.MANIFEST
C:\USERS\CZARDRAGON\DOCUMENTS\GITHUB\CSCI_480_ASSIGNMENT_3\ASSIGN3_STARTERCODE_WINDOWSVS\ASSIGN3\ASSIGN3\DEBUG\ASSIGN3.OBJ
C:\Users\Czardragon\Documents\GitHub\CSCI_480_Assignment_3\assign3_starterCode_windowsVS\assign3\assign3\Debug\assign3.vcxprojResolveAssemblyReference.cache
C:\Users\Czardragon\Documents\GitHub\CSCI_480_Assignment_3\assign3_starterCode_windowsVS\assign3\assign3\Debug\assign3.write.1.tlog
C:\Users\Czardragon\Documents\GitHub\CSCI_480_Assignment_3\assign3_starterCode_windowsVS\assign3\assign3\Debug\assign3_manifest.rc
C:\Users\Czardragon\Documents\GitHub\CSCI_480_Assignment_3\assign3_starterCode_windowsVS\assign3\assign3\Debug\cl.command.1.tlog
C:\Users\Czardragon\Documents\GitHub\CSCI_480_Assignment_3\assign3_starterCode_windowsVS\assign3\assign3\Debug\CL.read.1.tlog
C:\Users\Czardragon\Documents\GitHub\CSCI_480_Assignment_3\assign3_starterCode_windowsVS\assign3\assign3\Debug\CL.write.1.tlog
C:\Users\Czardragon\Documents\GitHub\CSCI_480_Assignment_3\assign3_starterCode_windowsVS\assign3\assign3\Debug\link.10076.read.1.tlog
C:\Users\Czardragon\Documents\GitHub\CSCI_480_Assignment_3\assign3_starterCode_windowsVS\assign3\assign3\Debug\link.10076.write.1.tlog
C:\Users\Czardragon\Documents\GitHub\CSCI_480_Assignment_3\assign3_starterCode_windowsVS\assign3\assign3\Debug\link.10092.read.1.tlog
C:\Users\Czardragon\Documents\GitHub\CSCI_480_Assignment_3\assign3_starterCode_windowsVS\assign3\assign3\Debug\link.10092.write.1.tlog
C:\Users\Czardragon\Documents\GitHub\CSCI_480_Assignment_3\assign3_starterCode_windowsVS\assign3\assign3\Debug\link.10168.read.1.tlog
C:\Users\Czardragon\Documents\GitHub\CSCI_480_Assignment_3\assign3_starterCode_windowsVS\assign3\assign3\Debug\link.10168.write.1.tlog
C:\Users\Czardragon\Documents\GitHub\CSCI_480_Assignment_3\assign3_starterCode_windowsVS\assign3\assign3\Debug\link.10224.read.1.tlog
C:\Users\Czardragon\Documents\GitHub\CSCI_480_Assignment_3\assign3_starterCode_windowsVS\assign3\assign3\Debug\link.10224.write.1.tlog
C:\Users\Czardragon\Documents\GitHub\CSCI_480_Assignment_3\assign3_starterCode_windowsVS\assign3\assign3\Debug\link.10336.read.1.tlog
C:\Users\Czardragon\Documents\GitHub\CSCI_480_Assignment_3\assign3_starterCode_windowsVS\assign3\assign3\Debug\link.10336.write.1.tlog
C:\Users\Czardragon\Documents\GitHub\CSCI_480_Assignment_3\assign3_starterCode_windowsVS\assign3\assign3\Debug\link.10456.read.1.tlog
C:\Users\Czardragon\Documents\GitHub\CSCI_480_Assignment_3\assign3_starterCode_windowsVS\assign3\assign3\Debug\link.10456.write.1.tlog
C:\Users\Czardragon\Documents\GitHub\CSCI_480_Assignment_3\assign3_starterCode_windowsVS\assign3\assign3\Debug\link.10548.read.1.tlog
C:\Users\Czardragon\Documents\GitHub\CSCI_480_Assignment_3\assign3_starterCode_windowsVS\assign3\assign3\Debug\link.10548.write.1.tlog
C:\Users\Czardragon\Documents\GitHub\CSCI_480_Assignment_3\assign3_starterCode_windowsVS\assign3\assign3\Debug\link.10564.read.1.tlog
C:\Users\Czardragon\Documents\GitHub\CSCI_480_Assignment_3\assign3_starterCode_windowsVS\assign3\assign3\Debug\link.10564.write.1.tlog
C:\Users\Czardragon\Documents\GitHub\CSCI_480_Assignment_3\assign3_starterCode_windowsVS\assign3\assign3\Debug\link.10776.read.1.tlog
C:\Users\Czardragon\Documents\GitHub\CSCI_480_Assignment_3\assign3_starterCode_windowsVS\assign3\assign3\Debug\link.10776.write.1.tlog
C:\Users\Czardragon\Documents\GitHub\CSCI_480_Assignment_3\assign3_starterCode_windowsVS\assign3\assign3\Debug\link.10784.read.1.tlog
C:\Users\Czardragon\Documents\GitHub\CSCI_480_Assignment_3\assign3_starterCode_windowsVS\assign3\assign3\Debug\link.10784.write.1.tlog
C:\Users\Czardragon\Documents\GitHub\CSCI_480_Assignment_3\assign3_starterCode_windowsVS\assign3\assign3\Debug\link.11076.read.1.tlog
C:\Users\Czardragon\Documents\GitHub\CSCI_480_Assignment_3\assign3_starterCode_windowsVS\assign3\assign3\Debug\link.11076.write.1.tlog
C:\Users\Czardragon\Documents\GitHub\CSCI_480_Assignment_3\assign3_starterCode_windowsVS\assign3\assign3\Debug\link.1108.read.1.tlog
C:\Users\Czardragon\Documents\GitHub\CSCI_480_Assignment_3\assign3_starterCode_windowsVS\assign3\assign3\Debug\link.1108.write.1.tlog
C:\Users\Czardragon\Documents\GitHub\CSCI_480_Assignment_3\assign3_starterCode_windowsVS\assign3\assign3\Debug\link.11104.read.1.tlog
C:\Users\Czardragon\Documents\GitHub\CSCI_480_Assignment_3\assign3_starterCode_windowsVS\assign3\assign3\Debug\link.11104.write.1.tlog
C:\Users\Czardragon\Documents\GitHub\CSCI_480_Assignment_3\assign3_starterCode_windowsVS\assign3\assign3\Debug\link.11288.read.1.tlog
C:\Users\Czardragon\Documents\GitHub\CSCI_480_Assignment_3\assign3_starterCode_windowsVS\assign3\assign3\Debug\link.11288.write.1.tlog
C:\Users\Czardragon\Documents\GitHub\CSCI_480_Assignment_3\assign3_starterCode_windowsVS\assign3\assign3\Debug\link.11456.read.1.tlog
C:\Users\Czardragon\Documents\GitHub\CSCI_480_Assignment_3\assign3_starterCode_windowsVS\assign3\assign3\Debug\link.11456.write.1.tlog
C:\Users\Czardragon\Documents\GitHub\CSCI_480_Assignment_3\assign3_starterCode_windowsVS\assign3\assign3\Debug\link.11480.read.1.tlog
C:\Users\Czardragon\Documents\GitHub\CSCI_480_Assignment_3\assign3_starterCode_windowsVS\assign3\assign3\Debug\link.11480.write.1.tlog
C:\Users\Czardragon\Documents\GitHub\CSCI_480_Assignment_3\assign3_starterCode_windowsVS\assign3\assign3\Debug\link.11588.read.1.tlog
C:\Users\Czardragon\Documents\GitHub\CSCI_480_Assignment_3\assign3_starterCode_windowsVS\assign3\assign3\Debug\link.11588.write.1.tlog
C:\Users\Czardragon\Documents\GitHub\CSCI_480_Assignment_3\assign3_starterCode_windowsVS\assign3\assign3\Debug\link.11660.read.1.tlog
C:\Users\Czardragon\Documents\GitHub\CSCI_480_Assignment_3\assign3_starterCode_windowsVS\assign3\assign3\Debug\link.11660.write.1.tlog
C:\Users\Czardragon\Documents\GitHub\CSCI_480_Assignment_3\assign3_starterCode_windowsVS\assign3\assign3\Debug\link.11796.read.1.tlog
C:\Users\Czardragon\Documents\GitHub\CSCI_480_Assignment_3\assign3_starterCode_windowsVS\assign3\assign3\Debug\link.11796.write.1.tlog
C:\Users\Czardragon\Documents\GitHub\CSCI_480_Assignment_3\assign3_starterCode_windowsVS\assign3\assign3\Debug\link.11800.read.1.tlog
C:\Users\Czardragon\Documents\GitHub\CSCI_480_Assignment_3\assign3_starterCode_windowsVS\assign3\assign3\Debug\link.11800.write.1.tlog
C:\Users\Czardragon\Documents\GitHub\CSCI_480_Assignment_3\assign3_starterCode_windowsVS\assign3\assign3\Debug\link.11832.read.1.tlog
C:\Users\Czardragon\Documents\GitHub\CSCI_480_Assignment_3\assign3_starterCode_windowsVS\assign3\assign3\Debug\link.11832.write.1.tlog
C:\Users\Czardragon\Documents\GitHub\CSCI_480_Assignment_3\assign3_starterCode_windowsVS\assign3\assign3\Debug\link.12012.read.1.tlog
C:\Users\Czardragon\Documents\GitHub\CSCI_480_Assignment_3\assign3_starterCode_windowsVS\assign3\assign3\Debug\link.12012.write.1.tlog
C:\Users\Czardragon\Documents\GitHub\CSCI_480_Assignment_3\assign3_starterCode_windowsVS\assign3\assign3\Debug\link.12188.read.1.tlog
C:\Users\Czardragon\Documents\GitHub\CSCI_480_Assignment_3\assign3_starterCode_windowsVS\assign3\assign3\Debug\link.12188.write.1.tlog
C:\Users\Czardragon\Documents\GitHub\CSCI_480_Assignment_3\assign3_starterCode_windowsVS\assign3\assign3\Debug\link.13204.read.1.tlog
C:\Users\Czardragon\Documents\GitHub\CSCI_480_Assignment_3\assign3_starterCode_windowsVS\assign3\assign3\Debug\link.13204.write.1.tlog
C:\Users\Czardragon\Documents\GitHub\CSCI_480_Assignment_3\assign3_starterCode_windowsVS\assign3\assign3\Debug\link.13660.read.1.tlog
C:\Users\Czardragon\Documents\GitHub\CSCI_480_Assignment_3\assign3_starterCode_windowsVS\assign3\assign3\Debug\link.13660.write.1.tlog
C:\Users\Czardragon\Documents\GitHub\CSCI_480_Assignment_3\assign3_starterCode_windowsVS\assign3\assign3\Debug\link.2012.read.1.tlog
C:\Users\Czardragon\Documents\GitHub\CSCI_480_Assignment_3\assign3_starterCode_windowsVS\assign3\assign3\Debug\link.2012.write.1.tlog
C:\Users\Czardragon\Documents\GitHub\CSCI_480_Assignment_3\assign3_starterCode_windowsVS\assign3\assign3\Debug\link.2020.read.1.tlog
C:\Users\Czardragon\Documents\GitHub\CSCI_480_Assignment_3\assign3_starterCode_windowsVS\assign3\assign3\Debug\link.2020.write.1.tlog
C:\Users\Czardragon\Documents\GitHub\CSCI_480_Assignment_3\assign3_starterCode_windowsVS\assign3\assign3\Debug\link.2996.read.1.tlog
C:\Users\Czardragon\Documents\GitHub\CSCI_480_Assignment_3\assign3_starterCode_windowsVS\assign3\assign3\Debug\link.2996.write.1.tlog
C:\Users\Czardragon\Documents\GitHub\CSCI_480_Assignment_3\assign3_starterCode_windowsVS\assign3\assign3\Debug\link.3116.read.1.tlog
C:\Users\Czardragon\Documents\GitHub\CSCI_480_Assignment_3\assign3_starterCode_windowsVS\assign3\assign3\Debug\link.3116.write.1.tlog
C:\Users\Czardragon\Documents\GitHub\CSCI_480_Assignment_3\assign3_starterCode_windowsVS\assign3\assign3\Debug\link.3332.read.1.tlog
C:\Users\Czardragon\Documents\GitHub\CSCI_480_Assignment_3\assign3_starterCode_windowsVS\assign3\assign3\Debug\link.3332.write.1.tlog
C:\Users\Czardragon\Documents\GitHub\CSCI_480_Assignment_3\assign3_starterCode_windowsVS\assign3\assign3\Debug\link.4036.read.1.tlog
C:\Users\Czardragon\Documents\GitHub\CSCI_480_Assignment_3\assign3_starterCode_windowsVS\assign3\assign3\Debug\link.4036.write.1.tlog
C:\Users\Czardragon\Documents\GitHub\CSCI_480_Assignment_3\assign3_starterCode_windowsVS\assign3\assign3\Debug\link.4048.read.1.tlog
C:\Users\Czardragon\Documents\GitHub\CSCI_480_Assignment_3\assign3_starterCode_windowsVS\assign3\assign3\Debug\link.4048.write.1.tlog
C:\Users\Czardragon\Documents\GitHub\CSCI_480_Assignment_3\assign3_starterCode_windowsVS\assign3\assign3\Debug\link.4128.read.1.tlog
C:\Users\Czardragon\Documents\GitHub\CSCI_480_Assignment_3\assign3_starterCode_windowsVS\assign3\assign3\Debug\link.4128.write.1.tlog
C:\Users\Czardragon\Documents\GitHub\CSCI_480_Assignment_3\assign3_starterCode_windowsVS\assign3\assign3\Debug\link.4212.read.1.tlog
C:\Users\Czardragon\Documents\GitHub\CSCI_480_Assignment_3\assign3_starterCode_windowsVS\assign3\assign3\Debug\link.4212.write.1.tlog
C:\Users\Czardragon\Documents\GitHub\CSCI_480_Assignment_3\assign3_starterCode_windowsVS\assign3\assign3\Debug\link.4464.read.1.tlog
C:\Users\Czardragon\Documents\GitHub\CSCI_480_Assignment_3\assign3_starterCode_windowsVS\assign3\assign3\Debug\link.4464.write.1.tlog
C:\Users\Czardragon\Documents\GitHub\CSCI_480_Assignment_3\assign3_starterCode_windowsVS\assign3\assign3\Debug\link.4532.read.1.tlog
C:\Users\Czardragon\Documents\GitHub\CSCI_480_Assignment_3\assign3_starterCode_windowsVS\assign3\assign3\Debug\link.4532.write.1.tlog
C:\Users\Czardragon\Documents\GitHub\CSCI_480_Assignment_3\assign3_starterCode_windowsVS\assign3\assign3\Debug\link.4736.read.1.tlog
C:\Users\Czardragon\Documents\GitHub\CSCI_480_Assignment_3\assign3_starterCode_windowsVS\assign3\assign3\Debug\link.4736.write.1.tlog
C:\Users\Czardragon\Documents\GitHub\CSCI_480_Assignment_3\assign3_starterCode_windowsVS\assign3\assign3\Debug\link.6048.read.1.tlog
C:\Users\Czardragon\Documents\GitHub\CSCI_480_Assignment_3\assign3_starterCode_windowsVS\assign3\assign3\Debug\link.6048.write.1.tlog
C:\Users\Czardragon\Documents\GitHub\CSCI_480_Assignment_3\assign3_starterCode_windowsVS\assign3\assign3\Debug\link.6528.read.1.tlog
C:\Users\Czardragon\Documents\GitHub\CSCI_480_Assignment_3\assign3_starterCode_windowsVS\assign3\assign3\Debug\link.6528.write.1.tlog
C:\Users\Czardragon\Documents\GitHub\CSCI_480_Assignment_3\assign3_starterCode_windowsVS\assign3\assign3\Debug\link.6584.read.1.tlog
C:\Users\Czardragon\Documents\GitHub\CSCI_480_Assignment_3\assign3_starterCode_windowsVS\assign3\assign3\Debug\link.6584.write.1.tlog
C:\Users\Czardragon\Documents\GitHub\CSCI_480_Assignment_3\assign3_starterCode_windowsVS\assign3\assign3\Debug\link.6716.read.1.tlog
C:\Users\Czardragon\Documents\GitHub\CSCI_480_Assignment_3\assign3_starterCode_windowsVS\assign3\assign3\Debug\link.6716.write.1.tlog
C:\Users\Czardragon\Documents\GitHub\CSCI_480_Assignment_3\assign3_starterCode_windowsVS\assign3\assign3\Debug\link.6784.read.1.tlog
C:\Users\Czardragon\Documents\GitHub\CSCI_480_Assignment_3\assign3_starterCode_windowsVS\assign3\assign3\Debug\link.6784.write.1.tlog
C:\Users\Czardragon\Documents\GitHub\CSCI_480_Assignment_3\assign3_starterCode_windowsVS\assign3\assign3\Debug\link.6824.read.1.tlog
C:\Users\Czardragon\Documents\GitHub\CSCI_480_Assignment_3\assign3_starterCode_windowsVS\assign3\assign3\Debug\link.6824.write.1.tlog
C:\Users\Czardragon\Documents\GitHub\CSCI_480_Assignment_3\assign3_starterCode_windowsVS\assign3\assign3\Debug\link.7112.read.1.tlog
C:\Users\Czardragon\Documents\GitHub\CSCI_480_Assignment_3\assign3_starterCode_windowsVS\assign3\assign3\Debug\link.7112.write.1.tlog
C:\Users\Czardragon\Documents\GitHub\CSCI_480_Assignment_3\assign3_starterCode_windowsVS\assign3\assign3\Debug\link.7152.read.1.tlog
C:\Users\Czardragon\Documents\GitHub\CSCI_480_Assignment_3\assign3_starterCode_windowsVS\assign3\assign3\Debug\link.7152.write.1.tlog
C:\Users\Czardragon\Documents\GitHub\CSCI_480_Assignment_3\assign3_starterCode_windowsVS\assign3\assign3\Debug\link.7284.read.1.tlog
C:\Users\Czardragon\Documents\GitHub\CSCI_480_Assignment_3\assign3_starterCode_windowsVS\assign3\assign3\Debug\link.7284.write.1.tlog
C:\Users\Czardragon\Documents\GitHub\CSCI_480_Assignment_3\assign3_starterCode_windowsVS\assign3\assign3\Debug\link.7384.read.1.tlog
C:\Users\Czardragon\Documents\GitHub\CSCI_480_Assignment_3\assign3_starterCode_windowsVS\assign3\assign3\Debug\link.7384.write.1.tlog
C:\Users\Czardragon\Documents\GitHub\CSCI_480_Assignment_3\assign3_starterCode_windowsVS\assign3\assign3\Debug\link.7864.read.1.tlog
C:\Users\Czardragon\Documents\GitHub\CSCI_480_Assignment_3\assign3_starterCode_windowsVS\assign3\assign3\Debug\link.7864.write.1.tlog
C:\Users\Czardragon\Documents\GitHub\CSCI_480_Assignment_3\assign3_starterCode_windowsVS\assign3\assign3\Debug\link.7888.read.1.tlog
C:\Users\Czardragon\Documents\GitHub\CSCI_480_Assignment_3\assign3_starterCode_windowsVS\assign3\assign3\Debug\link.7888.write.1.tlog
C:\Users\Czardragon\Documents\GitHub\CSCI_480_Assignment_3\assign3_starterCode_windowsVS\assign3\assign3\Debug\link.8116.read.1.tlog
C:\Users\Czardragon\Documents\GitHub\CSCI_480_Assignment_3\assign3_starterCode_windowsVS\assign3\assign3\Debug\link.8116.write.1.tlog
C:\Users\Czardragon\Documents\GitHub\CSCI_480_Assignment_3\assign3_starterCode_windowsVS\assign3\assign3\Debug\link.8228.read.1.tlog
C:\Users\Czardragon\Documents\GitHub\CSCI_480_Assignment_3\assign3_starterCode_windowsVS\assign3\assign3\Debug\link.8228.write.1.tlog
C:\Users\Czardragon\Documents\GitHub\CSCI_480_Assignment_3\assign3_starterCode_windowsVS\assign3\assign3\Debug\link.8424.read.1.tlog
C:\Users\Czardragon\Documents\GitHub\CSCI_480_Assignment_3\assign3_starterCode_windowsVS\assign3\assign3\Debug\link.8424.write.1.tlog
C:\Users\Czardragon\Documents\GitHub\CSCI_480_Assignment_3\assign3_starterCode_windowsVS\assign3\assign3\Debug\link.8556.read.1.tlog
C:\Users\Czardragon\Documents\GitHub\CSCI_480_Assignment_3\assign3_starterCode_windowsVS\assign3\assign3\Debug\link.8556.write.1.tlog
C:\Users\Czardragon\Documents\GitHub\CSCI_480_Assignment_3\assign3_starterCode_windowsVS\assign3\assign3\Debug\link.8684.read.1.tlog
C:\Users\Czardragon\Documents\GitHub\CSCI_480_Assignment_3\assign3_starterCode_windowsVS\assign3\assign3\Debug\link.8684.write.1.tlog
C:\Users\Czardragon\Documents\GitHub\CSCI_480_Assignment_3\assign3_starterCode_windowsVS\assign3\assign3\Debug\link.8784.read.1.tlog
C:\Users\Czardragon\Documents\GitHub\CSCI_480_Assignment_3\assign3_starterCode_windowsVS\assign3\assign3\Debug\link.8784.write.1.tlog
C:\Users\Czardragon\Documents\GitHub\CSCI_480_Assignment_3\assign3_starterCode_windowsVS\assign3\assign3\Debug\link.8804.read.1.tlog
C:\Users\Czardragon\Documents\GitHub\CSCI_480_Assignment_3\assign3_starterCode_windowsVS\assign3\assign3\Debug\link.8804.write.1.tlog
C:\Users\Czardragon\Documents\GitHub\CSCI_480_Assignment_3\assign3_starterCode_windowsVS\assign3\assign3\Debug\link.8840.read.1.tlog
C:\Users\Czardragon\Documents\GitHub\CSCI_480_Assignment_3\assign3_starterCode_windowsVS\assign3\assign3\Debug\link.8840.write.1.tlog
C:\Users\Czardragon\Documents\GitHub\CSCI_480_Assignment_3\assign3_starterCode_windowsVS\assign3\assign3\Debug\link.8892.read.1.tlog
C:\Users\Czardragon\Documents\GitHub\CSCI_480_Assignment_3\assign3_starterCode_windowsVS\assign3\assign3\Debug\link.8892.write.1.tlog
C:\Users\Czardragon\Documents\GitHub\CSCI_480_Assignment_3\assign3_starterCode_windowsVS\assign3\assign3\Debug\link.9164.read.1.tlog
C:\Users\Czardragon\Documents\GitHub\CSCI_480_Assignment_3\assign3_starterCode_windowsVS\assign3\assign3\Debug\link.9164.write.1.tlog
C:\Users\Czardragon\Documents\GitHub\CSCI_480_Assignment_3\assign3_starterCode_windowsVS\assign3\assign3\Debug\link.9180.read.1.tlog
C:\Users\Czardragon\Documents\GitHub\CSCI_480_Assignment_3\assign3_starterCode_windowsVS\assign3\assign3\Debug\link.9180.write.1.tlog
C:\Users\Czardragon\Documents\GitHub\CSCI_480_Assignment_3\assign3_starterCode_windowsVS\assign3\assign3\Debug\link.9212.read.1.tlog
C:\Users\Czardragon\Documents\GitHub\CSCI_480_Assignment_3\assign3_starterCode_windowsVS\assign3\assign3\Debug\link.9212.write.1.tlog
C:\Users\Czardragon\Documents\GitHub\CSCI_480_Assignment_3\assign3_starterCode_windowsVS\assign3\assign3\Debug\link.9580.read.1.tlog
C:\Users\Czardragon\Documents\GitHub\CSCI_480_Assignment_3\assign3_starterCode_windowsVS\assign3\assign3\Debug\link.9580.write.1.tlog
C:\Users\Czardragon\Documents\GitHub\CSCI_480_Assignment_3\assign3_starterCode_windowsVS\assign3\assign3\Debug\link.9808.read.1.tlog
C:\Users\Czardragon\Documents\GitHub\CSCI_480_Assignment_3\assign3_starterCode_windowsVS\assign3\assign3\Debug\link.9808.write.1.tlog
C:\Users\Czardragon\Documents\GitHub\CSCI_480_Assignment_3\assign3_starterCode_windowsVS\assign3\assign3\Debug\link.9832.read.1.tlog
C:\Users\Czardragon\Documents\GitHub\CSCI_480_Assignment_3\assign3_starterCode_windowsVS\assign3\assign3\Debug\link.9832.write.1.tlog
C:\Users\Czardragon\Documents\GitHub\CSCI_480_Assignment_3\assign3_starterCode_windowsVS\assign3\assign3\Debug\link.9836.read.1.tlog
C:\Users\Czardragon\Documents\GitHub\CSCI_480_Assignment_3\assign3_starterCode_windowsVS\assign3\assign3\Debug\link.9836.write.1.tlog
C:\Users\Czardragon\Documents\GitHub\CSCI_480_Assignment_3\assign3_starterCode_windowsVS\assign3\assign3\Debug\link.9936.read.1.tlog
C:\Users\Czardragon\Documents\GitHub\CSCI_480_Assignment_3\assign3_starterCode_windowsVS\assign3\assign3\Debug\link.9936.write.1.tlog
C:\Users\Czardragon\Documents\GitHub\CSCI_480_Assignment_3\assign3_starterCode_windowsVS\assign3\assign3\Debug\link.9948.read.1.tlog
C:\Users\Czardragon\Documents\GitHub\CSCI_480_Assignment_3\assign3_starterCode_windowsVS\assign3\assign3\Debug\link.9948.write.1.tlog
C:\Users\Czardragon\Documents\GitHub\CSCI_480_Assignment_3\assign3_starterCode_windowsVS\assign3\assign3\Debug\link.command.1.tlog
C:\Users\Czardragon\Documents\GitHub\CSCI_480_Assignment_3\assign3_starterCode_windowsVS\assign3\assign3\Debug\link.read.1.tlog
C:\Users\Czardragon\Documents\GitHub\CSCI_480_Assignment_3\assign3_starterCode_windowsVS\assign3\assign3\Debug\link.write.1.tlog
C:\Users\Czardragon\Documents\GitHub\CSCI_480_Assignment_3\assign3_starterCode_windowsVS\assign3\assign3\Debug\mt.command.1.tlog
C:\Users\Czardragon\Documents\GitHub\CSCI_480_Assignment_3\assign3_starterCode_windowsVS\assign3\assign3\Debug\mt.read.1.tlog
C:\Users\Czardragon\Documents\GitHub\CSCI_480_Assignment_3\assign3_starterCode_windowsVS\assign3\assign3\Debug\mt.write.1.tlog
C:\Users\Czardragon\Documents\GitHub\CSCI_480_Assignment_3\assign3_starterCode_windowsVS\assign3\assign3\Debug\rc.command.1.tlog
C:\Users\Czardragon\Documents\GitHub\CSCI_480_Assignment_3\assign3_starterCode_windowsVS\assign3\assign3\Debug\rc.read.1.tlog
C:\Users\Czardragon\Documents\GitHub\CSCI_480_Assignment_3\assign3_starterCode_windowsVS\assign3\assign3\Debug\rc.write.1.tlog
C:\Users\Czardragon\Documents\GitHub\CSCI_480_Assignment_3\assign3_starterCode_windowsVS\assign3\assign3\Debug\vc100.idb
C:\USERS\CZARDRAGON\DOCUMENTS\GITHUB\CSCI_480_ASSIGNMENT_3\ASSIGN3_STARTERCODE_WINDOWSVS\ASSIGN3\ASSIGN3\DEBUG\VC100.PDB
C:\USERS\CZARDRAGON\DOCUMENTS\GITHUB\CSCI_480_ASSIGNMENT_3\ASSIGN3_STARTERCODE_WINDOWSVS\ASSIGN3\DEBUG\ASSIGN3.EXE
C:\Users\Czardragon\Documents\GitHub\CSCI_480_Assignment_3\assign3_starterCode_windowsVS\assign3\Debug\assign3.ilk
C:\USERS\CZARDRAGON\DOCUMENTS\GITHUB\CSCI_480_ASSIGNMENT_3\ASSIGN3_STARTERCODE_WINDOWSVS\ASSIGN3\DEBUG\ASSIGN3.PDB
